<?xml version="1.0" encoding="UTF-8"?>
<testng-results ignored="0" total="1" passed="0" failed="1" skipped="0">
  <reporter-output>
  </reporter-output>
  <suite started-at="2024-02-19T20:40:21 EST" name="Default suite" finished-at="2024-02-19T20:40:27 EST" duration-ms="5810">
    <groups>
    </groups>
    <test started-at="2024-02-19T20:40:21 EST" name="Default test" finished-at="2024-02-19T20:40:27 EST" duration-ms="5810">
      <class name="org.chase.petStoreService.test.petStoreController.PetControllerNegativeTest">
        <test-method is-config="true" signature="springTestContextBeforeTestClass()[pri:0, instance:org.chase.petStoreService.test.petStoreController.PetControllerNegativeTest@5f9be66c]" started-at="2024-02-19T20:40:21 EST" name="springTestContextBeforeTestClass" finished-at="2024-02-19T20:40:21 EST" duration-ms="13" status="PASS">
          <reporter-output>
          </reporter-output>
        </test-method> <!-- springTestContextBeforeTestClass -->
        <test-method is-config="true" signature="springTestContextPrepareTestInstance()[pri:0, instance:org.chase.petStoreService.test.petStoreController.PetControllerNegativeTest@5f9be66c]" started-at="2024-02-19T20:40:21 EST" name="springTestContextPrepareTestInstance" finished-at="2024-02-19T20:40:24 EST" depends-on-methods="org.springframework.test.context.testng.AbstractTestNGSpringContextTests.springTestContextBeforeTestClass" duration-ms="2276" status="PASS">
          <reporter-output>
          </reporter-output>
        </test-method> <!-- springTestContextPrepareTestInstance -->
        <test-method is-config="true" signature="springTestContextBeforeTestMethod(java.lang.reflect.Method)[pri:0, instance:org.chase.petStoreService.test.petStoreController.PetControllerNegativeTest@5f9be66c]" started-at="2024-02-19T20:40:24 EST" name="springTestContextBeforeTestMethod" finished-at="2024-02-19T20:40:25 EST" duration-ms="1282" status="PASS">
          <params>
            <param index="0">
              <value>
                <![CDATA[public void org.chase.petStoreService.test.petStoreController.PetControllerNegativeTest.addPet_expect_400()]]>
              </value>
            </param>
          </params>
          <reporter-output>
          </reporter-output>
        </test-method> <!-- springTestContextBeforeTestMethod -->
        <test-method signature="addPet_expect_400()[pri:0, instance:org.chase.petStoreService.test.petStoreController.PetControllerNegativeTest@5f9be66c]" started-at="2024-02-19T20:40:25 EST" name="addPet_expect_400" finished-at="2024-02-19T20:40:27 EST" duration-ms="2180" status="FAIL">
          <exception class="java.lang.AssertionError">
            <message>
              <![CDATA[expected [400] but found [405]]]>
            </message>
            <full-stacktrace>
              <![CDATA[java.lang.AssertionError: expected [400] but found [405]
at org.testng.Assert.fail(Assert.java:111)
at org.testng.Assert.failNotEquals(Assert.java:1578)
at org.testng.Assert.assertEqualsImpl(Assert.java:150)
at org.testng.Assert.assertEquals(Assert.java:132)
at org.testng.Assert.assertEquals(Assert.java:1419)
at org.testng.Assert.assertEquals(Assert.java:1383)
at org.testng.Assert.assertEquals(Assert.java:1429)
at org.chase.petStoreService.test.petStoreController.PetControllerNegativeTest.addPet_expect_400(PetControllerNegativeTest.java:22)
at java.base/jdk.internal.reflect.NativeMethodAccessorImpl.invoke0(Native Method)
at java.base/jdk.internal.reflect.NativeMethodAccessorImpl.invoke(NativeMethodAccessorImpl.java:77)
at java.base/jdk.internal.reflect.DelegatingMethodAccessorImpl.invoke(DelegatingMethodAccessorImpl.java:43)
at java.base/java.lang.reflect.Method.invoke(Method.java:568)
at org.testng.internal.invokers.MethodInvocationHelper.invokeMethod(MethodInvocationHelper.java:139)
at org.testng.internal.invokers.MethodInvocationHelper$1.runTestMethod(MethodInvocationHelper.java:258)
at org.springframework.test.context.testng.AbstractTestNGSpringContextTests.run(AbstractTestNGSpringContextTests.java:154)
at org.testng.internal.invokers.MethodInvocationHelper.invokeHookable(MethodInvocationHelper.java:272)
at org.testng.internal.invokers.TestInvoker.invokeMethod(TestInvoker.java:656)
at org.testng.internal.invokers.TestInvoker.invokeTestMethod(TestInvoker.java:227)
at org.testng.internal.invokers.MethodRunner.runInSequence(MethodRunner.java:50)
at org.testng.internal.invokers.TestInvoker$MethodInvocationAgent.invoke(TestInvoker.java:957)
at org.testng.internal.invokers.TestInvoker.invokeTestMethods(TestInvoker.java:200)
at org.testng.internal.invokers.TestMethodWorker.invokeTestMethods(TestMethodWorker.java:148)
at org.testng.internal.invokers.TestMethodWorker.run(TestMethodWorker.java:128)
at java.base/java.util.ArrayList.forEach(ArrayList.java:1511)
at org.testng.TestRunner.privateRun(TestRunner.java:848)
at org.testng.TestRunner.run(TestRunner.java:621)
at org.testng.SuiteRunner.runTest(SuiteRunner.java:443)
at org.testng.SuiteRunner.runSequentially(SuiteRunner.java:437)
at org.testng.SuiteRunner.privateRun(SuiteRunner.java:397)
at org.testng.SuiteRunner.run(SuiteRunner.java:336)
at org.testng.SuiteRunnerWorker.runSuite(SuiteRunnerWorker.java:52)
at org.testng.SuiteRunnerWorker.run(SuiteRunnerWorker.java:95)
at org.testng.TestNG.runSuitesSequentially(TestNG.java:1280)
at org.testng.TestNG.runSuitesLocally(TestNG.java:1200)
at org.testng.TestNG.runSuites(TestNG.java:1114)
at org.testng.TestNG.run(TestNG.java:1082)
at org.testng.remote.AbstractRemoteTestNG.run(AbstractRemoteTestNG.java:115)
at org.testng.remote.RemoteTestNG.initAndRun(RemoteTestNG.java:251)
at org.testng.remote.RemoteTestNG.main(RemoteTestNG.java:77)
]]>
            </full-stacktrace>
          </exception> <!-- java.lang.AssertionError -->
          <reporter-output>
          </reporter-output>
        </test-method> <!-- addPet_expect_400 -->
        <test-method is-config="true" signature="springTestContextAfterTestMethod(java.lang.reflect.Method)[pri:0, instance:org.chase.petStoreService.test.petStoreController.PetControllerNegativeTest@5f9be66c]" started-at="2024-02-19T20:40:27 EST" name="springTestContextAfterTestMethod" finished-at="2024-02-19T20:40:27 EST" duration-ms="7" status="PASS">
          <params>
            <param index="0">
              <value>
                <![CDATA[public void org.chase.petStoreService.test.petStoreController.PetControllerNegativeTest.addPet_expect_400()]]>
              </value>
            </param>
          </params>
          <reporter-output>
          </reporter-output>
        </test-method> <!-- springTestContextAfterTestMethod -->
        <test-method is-config="true" signature="springTestContextAfterTestClass()[pri:0, instance:org.chase.petStoreService.test.petStoreController.PetControllerNegativeTest@5f9be66c]" started-at="2024-02-19T20:40:27 EST" name="springTestContextAfterTestClass" finished-at="2024-02-19T20:40:27 EST" duration-ms="1" status="PASS">
          <reporter-output>
          </reporter-output>
        </test-method> <!-- springTestContextAfterTestClass -->
      </class> <!-- org.chase.petStoreService.test.petStoreController.PetControllerNegativeTest -->
    </test> <!-- Default test -->
  </suite> <!-- Default suite -->
</testng-results>
